2022-08-29 23:31:36.505607: I tensorflow/core/util/util.cc:169] oneDNN custom operations are on. You may see slightly different numerical results due to floating-point round-off errors from different computation orders. To turn them off, set the environment variable `TF_ENABLE_ONEDNN_OPTS=0`.
2022-08-29 23:31:37.900688: I tensorflow/core/platform/cpu_feature_guard.cc:193] This TensorFlow binary is optimized with oneAPI Deep Neural Network Library (oneDNN) to use the following CPU instructions in performance-critical operations:  AVX2 AVX512F AVX512_VNNI FMA
To enable them in other operations, rebuild TensorFlow with the appropriate compiler flags.
2022-08-29 23:31:38.308828: I tensorflow/core/common_runtime/gpu/gpu_device.cc:1532] Created device /job:localhost/replica:0/task:0/device:GPU:0 with 22126 MB memory:  -> device: 0, name: NVIDIA GeForce RTX 3090, pci bus id: 0000:65:00.0, compute capability: 8.6
2022-08-29 23:31:39.808768: I tensorflow/stream_executor/cuda/cuda_dnn.cc:384] Loaded cuDNN version 8400
2022-08-29 23:31:40.901590: I tensorflow/stream_executor/cuda/cuda_blas.cc:1786] TensorFloat-32 will be used for the matrix multiplication. This will only be logged once.
WARNING:tensorflow:Epoch: 3, Train_Loss: -89254.265625, train_mIoU: 46.322, train_reconstruction_error:0.061147, proceeding to images: 100000
W0829 23:39:45.917649 140273106855040 train_vae.py:258] Epoch: 3, Train_Loss: -89254.265625, train_mIoU: 46.322, train_reconstruction_error:0.061147, proceeding to images: 100000
WARNING:tensorflow:Epoch: 3, Train_Loss: -89394.000000, train_mIoU: 46.248, train_reconstruction_error:0.060150, proceeding to images: 200000
W0829 23:47:49.172811 140273106855040 train_vae.py:258] Epoch: 3, Train_Loss: -89394.000000, train_mIoU: 46.248, train_reconstruction_error:0.060150, proceeding to images: 200000
WARNING:tensorflow:Epoch: 3, Train_Loss: -89765.671875, train_mIoU: 46.539, train_reconstruction_error:0.058434, proceeding to images: 300000
W0829 23:55:52.535329 140273106855040 train_vae.py:258] Epoch: 3, Train_Loss: -89765.671875, train_mIoU: 46.539, train_reconstruction_error:0.058434, proceeding to images: 300000
WARNING:tensorflow:Epoch: 3, Train_Loss: -90057.515625, train_mIoU: 46.656, train_reconstruction_error:0.056680, proceeding to images: 400000
W0830 00:03:55.782510 140273106855040 train_vae.py:258] Epoch: 3, Train_Loss: -90057.515625, train_mIoU: 46.656, train_reconstruction_error:0.056680, proceeding to images: 400000
WARNING:tensorflow:Epoch: 3, Train_Loss: -90248.007812, train_mIoU: 46.617, train_reconstruction_error:0.055864, proceeding to images: 500000
W0830 00:11:59.076287 140273106855040 train_vae.py:258] Epoch: 3, Train_Loss: -90248.007812, train_mIoU: 46.617, train_reconstruction_error:0.055864, proceeding to images: 500000
WARNING:tensorflow:Epoch: 3, Train_Loss: -90478.007812, train_mIoU: 46.703, train_reconstruction_error:0.055766, proceeding to images: 600000
W0830 00:20:02.219875 140273106855040 train_vae.py:258] Epoch: 3, Train_Loss: -90478.007812, train_mIoU: 46.703, train_reconstruction_error:0.055766, proceeding to images: 600000
WARNING:tensorflow:Epoch: 3, Train_Loss: -90671.562500, train_mIoU: 46.664, train_reconstruction_error:0.055241, proceeding to images: 700000
W0830 00:28:05.404749 140273106855040 train_vae.py:258] Epoch: 3, Train_Loss: -90671.562500, train_mIoU: 46.664, train_reconstruction_error:0.055241, proceeding to images: 700000
WARNING:tensorflow:Epoch: 3, Train_Loss: -90928.312500, train_mIoU: 46.592, train_reconstruction_error:0.055237, proceeding to images: 800000
W0830 00:36:08.734670 140273106855040 train_vae.py:258] Epoch: 3, Train_Loss: -90928.312500, train_mIoU: 46.592, train_reconstruction_error:0.055237, proceeding to images: 800000
WARNING:tensorflow:Epoch: 3, Train_Loss: -91003.906250, train_mIoU: 46.828, train_reconstruction_error:0.053898, proceeding to images: 900000
W0830 00:44:11.890002 140273106855040 train_vae.py:258] Epoch: 3, Train_Loss: -91003.906250, train_mIoU: 46.828, train_reconstruction_error:0.053898, proceeding to images: 900000
WARNING:tensorflow:Epoch: 3, Train_Loss: -91317.562500, train_mIoU: 46.770, train_reconstruction_error:0.054011, proceeding to images: 1000000
W0830 00:52:14.896220 140273106855040 train_vae.py:258] Epoch: 3, Train_Loss: -91317.562500, train_mIoU: 46.770, train_reconstruction_error:0.054011, proceeding to images: 1000000
WARNING:tensorflow:Epoch: 3, Train_Loss: -91582.187500, train_mIoU: 46.298, train_reconstruction_error:0.053343, proceeding to images: 1100000
W0830 01:00:17.689545 140273106855040 train_vae.py:258] Epoch: 3, Train_Loss: -91582.187500, train_mIoU: 46.298, train_reconstruction_error:0.053343, proceeding to images: 1100000
WARNING:tensorflow:Epoch: 3, Train_Loss: -91764.335938, train_mIoU: 46.717, train_reconstruction_error:0.053574, proceeding to images: 1200000
W0830 01:08:20.515942 140273106855040 train_vae.py:258] Epoch: 3, Train_Loss: -91764.335938, train_mIoU: 46.717, train_reconstruction_error:0.053574, proceeding to images: 1200000
WARNING:tensorflow:Epoch: 3, Train_mIoU: 46.751, 
 Eval_Loss: -94057.507812, Eval_mIoU:  21.853, Eval_reconstruction_error: 0.086258
W0830 01:21:32.422900 140273106855040 train_vae.py:288] Epoch: 3, Train_mIoU: 46.751, 
 Eval_Loss: -94057.507812, Eval_mIoU:  21.853, Eval_reconstruction_error: 0.086258
WARNING:tensorflow:Time: 1:49:53.737399 for 4 epochs
W0830 01:21:32.423375 140273106855040 train_vae.py:296] Time: 1:49:53.737399 for 4 epochs
WARNING:tensorflow:Saved checkpoint: ./checkpoint/VOE_perception/num_slot_8/slot_size_16_learning_rate_0.0004_/ckpt-4
W0830 01:21:32.456601 140273106855040 train_vae.py:311] Saved checkpoint: ./checkpoint/VOE_perception/num_slot_8/slot_size_16_learning_rate_0.0004_/ckpt-4
WARNING:tensorflow:Epoch: 4, Train_Loss: -91999.320312, train_mIoU: 46.448, train_reconstruction_error:0.052861, proceeding to images: 100000
W0830 01:29:35.944398 140273106855040 train_vae.py:258] Epoch: 4, Train_Loss: -91999.320312, train_mIoU: 46.448, train_reconstruction_error:0.052861, proceeding to images: 100000
WARNING:tensorflow:Epoch: 4, Train_Loss: -92199.648438, train_mIoU: 46.369, train_reconstruction_error:0.052343, proceeding to images: 200000
W0830 01:37:39.053038 140273106855040 train_vae.py:258] Epoch: 4, Train_Loss: -92199.648438, train_mIoU: 46.369, train_reconstruction_error:0.052343, proceeding to images: 200000
WARNING:tensorflow:Epoch: 4, Train_Loss: -92298.382812, train_mIoU: 46.652, train_reconstruction_error:0.052381, proceeding to images: 300000
W0830 01:45:41.855457 140273106855040 train_vae.py:258] Epoch: 4, Train_Loss: -92298.382812, train_mIoU: 46.652, train_reconstruction_error:0.052381, proceeding to images: 300000
WARNING:tensorflow:Epoch: 4, Train_Loss: -92494.671875, train_mIoU: 46.757, train_reconstruction_error:0.052643, proceeding to images: 400000
W0830 01:53:45.280795 140273106855040 train_vae.py:258] Epoch: 4, Train_Loss: -92494.671875, train_mIoU: 46.757, train_reconstruction_error:0.052643, proceeding to images: 400000
WARNING:tensorflow:Epoch: 4, Train_Loss: -92675.328125, train_mIoU: 46.748, train_reconstruction_error:0.052242, proceeding to images: 500000
W0830 02:01:48.196652 140273106855040 train_vae.py:258] Epoch: 4, Train_Loss: -92675.328125, train_mIoU: 46.748, train_reconstruction_error:0.052242, proceeding to images: 500000
WARNING:tensorflow:Epoch: 4, Train_Loss: -92806.781250, train_mIoU: 46.807, train_reconstruction_error:0.050849, proceeding to images: 600000
W0830 02:09:51.238135 140273106855040 train_vae.py:258] Epoch: 4, Train_Loss: -92806.781250, train_mIoU: 46.807, train_reconstruction_error:0.050849, proceeding to images: 600000
WARNING:tensorflow:Epoch: 4, Train_Loss: -92948.210938, train_mIoU: 46.773, train_reconstruction_error:0.050833, proceeding to images: 700000
W0830 02:17:54.360035 140273106855040 train_vae.py:258] Epoch: 4, Train_Loss: -92948.210938, train_mIoU: 46.773, train_reconstruction_error:0.050833, proceeding to images: 700000
WARNING:tensorflow:Epoch: 4, Train_Loss: -92994.039062, train_mIoU: 46.691, train_reconstruction_error:0.050629, proceeding to images: 800000
W0830 02:25:57.048572 140273106855040 train_vae.py:258] Epoch: 4, Train_Loss: -92994.039062, train_mIoU: 46.691, train_reconstruction_error:0.050629, proceeding to images: 800000
WARNING:tensorflow:Epoch: 4, Train_Loss: -93285.382812, train_mIoU: 46.937, train_reconstruction_error:0.049211, proceeding to images: 900000
W0830 02:33:59.604114 140273106855040 train_vae.py:258] Epoch: 4, Train_Loss: -93285.382812, train_mIoU: 46.937, train_reconstruction_error:0.049211, proceeding to images: 900000
WARNING:tensorflow:Epoch: 4, Train_Loss: -93325.242188, train_mIoU: 46.852, train_reconstruction_error:0.049070, proceeding to images: 1000000
W0830 02:42:02.124562 140273106855040 train_vae.py:258] Epoch: 4, Train_Loss: -93325.242188, train_mIoU: 46.852, train_reconstruction_error:0.049070, proceeding to images: 1000000
WARNING:tensorflow:Epoch: 4, Train_Loss: -93472.328125, train_mIoU: 46.365, train_reconstruction_error:0.049148, proceeding to images: 1100000
W0830 02:50:05.104137 140273106855040 train_vae.py:258] Epoch: 4, Train_Loss: -93472.328125, train_mIoU: 46.365, train_reconstruction_error:0.049148, proceeding to images: 1100000
WARNING:tensorflow:Epoch: 4, Train_Loss: -93618.484375, train_mIoU: 46.810, train_reconstruction_error:0.050668, proceeding to images: 1200000
W0830 02:58:07.724963 140273106855040 train_vae.py:258] Epoch: 4, Train_Loss: -93618.484375, train_mIoU: 46.810, train_reconstruction_error:0.050668, proceeding to images: 1200000
WARNING:tensorflow:Epoch: 4, Train_mIoU: 46.817, 
 Eval_Loss: -95578.031250, Eval_mIoU:  21.929, Eval_reconstruction_error: 0.086234
W0830 03:11:19.773398 140273106855040 train_vae.py:288] Epoch: 4, Train_mIoU: 46.817, 
 Eval_Loss: -95578.031250, Eval_mIoU:  21.929, Eval_reconstruction_error: 0.086234
WARNING:tensorflow:Time: 3:39:41.087692 for 5 epochs
W0830 03:11:19.773668 140273106855040 train_vae.py:296] Time: 3:39:41.087692 for 5 epochs
WARNING:tensorflow:Saved checkpoint: ./checkpoint/VOE_perception/num_slot_8/slot_size_16_learning_rate_0.0004_/ckpt-5
W0830 03:11:19.812258 140273106855040 train_vae.py:311] Saved checkpoint: ./checkpoint/VOE_perception/num_slot_8/slot_size_16_learning_rate_0.0004_/ckpt-5
WARNING:tensorflow:Epoch: 5, Train_Loss: -93492.468750, train_mIoU: 46.514, train_reconstruction_error:0.050043, proceeding to images: 100000
W0830 03:19:23.257914 140273106855040 train_vae.py:258] Epoch: 5, Train_Loss: -93492.468750, train_mIoU: 46.514, train_reconstruction_error:0.050043, proceeding to images: 100000
WARNING:tensorflow:Epoch: 5, Train_Loss: -93752.515625, train_mIoU: 46.457, train_reconstruction_error:0.049765, proceeding to images: 200000
W0830 03:27:25.852078 140273106855040 train_vae.py:258] Epoch: 5, Train_Loss: -93752.515625, train_mIoU: 46.457, train_reconstruction_error:0.049765, proceeding to images: 200000
WARNING:tensorflow:Epoch: 5, Train_Loss: -93825.085938, train_mIoU: 46.724, train_reconstruction_error:0.049963, proceeding to images: 300000
W0830 03:35:28.488310 140273106855040 train_vae.py:258] Epoch: 5, Train_Loss: -93825.085938, train_mIoU: 46.724, train_reconstruction_error:0.049963, proceeding to images: 300000
WARNING:tensorflow:Epoch: 5, Train_Loss: -94033.437500, train_mIoU: 46.855, train_reconstruction_error:0.051892, proceeding to images: 400000
W0830 03:43:31.409126 140273106855040 train_vae.py:258] Epoch: 5, Train_Loss: -94033.437500, train_mIoU: 46.855, train_reconstruction_error:0.051892, proceeding to images: 400000
WARNING:tensorflow:Epoch: 5, Train_Loss: -94107.250000, train_mIoU: 46.815, train_reconstruction_error:0.052133, proceeding to images: 500000
W0830 03:51:33.955240 140273106855040 train_vae.py:258] Epoch: 5, Train_Loss: -94107.250000, train_mIoU: 46.815, train_reconstruction_error:0.052133, proceeding to images: 500000
WARNING:tensorflow:Epoch: 5, Train_Loss: -94162.781250, train_mIoU: 46.888, train_reconstruction_error:0.052111, proceeding to images: 600000
W0830 03:59:36.874165 140273106855040 train_vae.py:258] Epoch: 5, Train_Loss: -94162.781250, train_mIoU: 46.888, train_reconstruction_error:0.052111, proceeding to images: 600000
WARNING:tensorflow:Epoch: 5, Train_Loss: -94305.984375, train_mIoU: 46.841, train_reconstruction_error:0.052401, proceeding to images: 700000
W0830 04:07:40.066952 140273106855040 train_vae.py:258] Epoch: 5, Train_Loss: -94305.984375, train_mIoU: 46.841, train_reconstruction_error:0.052401, proceeding to images: 700000
WARNING:tensorflow:Epoch: 5, Train_Loss: -94489.070312, train_mIoU: 46.762, train_reconstruction_error:0.052776, proceeding to images: 800000
W0830 04:15:42.127644 140273106855040 train_vae.py:258] Epoch: 5, Train_Loss: -94489.070312, train_mIoU: 46.762, train_reconstruction_error:0.052776, proceeding to images: 800000
WARNING:tensorflow:Epoch: 5, Train_Loss: -94556.179688, train_mIoU: 47.011, train_reconstruction_error:0.050700, proceeding to images: 900000
W0830 04:23:44.769654 140273106855040 train_vae.py:258] Epoch: 5, Train_Loss: -94556.179688, train_mIoU: 47.011, train_reconstruction_error:0.050700, proceeding to images: 900000
WARNING:tensorflow:Epoch: 5, Train_Loss: -94600.671875, train_mIoU: 46.924, train_reconstruction_error:0.051163, proceeding to images: 1000000
W0830 04:31:47.467478 140273106855040 train_vae.py:258] Epoch: 5, Train_Loss: -94600.671875, train_mIoU: 46.924, train_reconstruction_error:0.051163, proceeding to images: 1000000
WARNING:tensorflow:Epoch: 5, Train_Loss: -94467.554688, train_mIoU: 46.415, train_reconstruction_error:0.051209, proceeding to images: 1100000
W0830 04:39:50.006825 140273106855040 train_vae.py:258] Epoch: 5, Train_Loss: -94467.554688, train_mIoU: 46.415, train_reconstruction_error:0.051209, proceeding to images: 1100000
WARNING:tensorflow:Epoch: 5, Train_Loss: -94812.367188, train_mIoU: 46.869, train_reconstruction_error:0.055135, proceeding to images: 1200000
W0830 04:47:52.524595 140273106855040 train_vae.py:258] Epoch: 5, Train_Loss: -94812.367188, train_mIoU: 46.869, train_reconstruction_error:0.055135, proceeding to images: 1200000
WARNING:tensorflow:Epoch: 5, Train_mIoU: 46.888, 
 Eval_Loss: -96290.054688, Eval_mIoU:  22.006, Eval_reconstruction_error: 0.086170
W0830 05:01:04.526839 140273106855040 train_vae.py:288] Epoch: 5, Train_mIoU: 46.888, 
 Eval_Loss: -96290.054688, Eval_mIoU:  22.006, Eval_reconstruction_error: 0.086170
WARNING:tensorflow:Time: 5:29:25.841189 for 6 epochs
W0830 05:01:04.527173 140273106855040 train_vae.py:296] Time: 5:29:25.841189 for 6 epochs
WARNING:tensorflow:Saved checkpoint: ./checkpoint/VOE_perception/num_slot_8/slot_size_16_learning_rate_0.0004_/ckpt-6
W0830 05:01:04.572820 140273106855040 train_vae.py:311] Saved checkpoint: ./checkpoint/VOE_perception/num_slot_8/slot_size_16_learning_rate_0.0004_/ckpt-6
WARNING:tensorflow:Epoch: 6, Train_Loss: -94952.968750, train_mIoU: 46.602, train_reconstruction_error:0.056053, proceeding to images: 100000
W0830 05:09:07.064897 140273106855040 train_vae.py:258] Epoch: 6, Train_Loss: -94952.968750, train_mIoU: 46.602, train_reconstruction_error:0.056053, proceeding to images: 100000
WARNING:tensorflow:Epoch: 6, Train_Loss: -95003.656250, train_mIoU: 46.508, train_reconstruction_error:0.056780, proceeding to images: 200000
W0830 05:17:09.217549 140273106855040 train_vae.py:258] Epoch: 6, Train_Loss: -95003.656250, train_mIoU: 46.508, train_reconstruction_error:0.056780, proceeding to images: 200000
WARNING:tensorflow:Epoch: 6, Train_Loss: -95173.343750, train_mIoU: 46.810, train_reconstruction_error:0.058515, proceeding to images: 300000
W0830 05:25:11.233859 140273106855040 train_vae.py:258] Epoch: 6, Train_Loss: -95173.343750, train_mIoU: 46.810, train_reconstruction_error:0.058515, proceeding to images: 300000
WARNING:tensorflow:Epoch: 6, Train_Loss: -95155.171875, train_mIoU: 46.911, train_reconstruction_error:0.059479, proceeding to images: 400000
W0830 05:33:13.072093 140273106855040 train_vae.py:258] Epoch: 6, Train_Loss: -95155.171875, train_mIoU: 46.911, train_reconstruction_error:0.059479, proceeding to images: 400000
WARNING:tensorflow:Epoch: 6, Train_Loss: -95172.078125, train_mIoU: 46.873, train_reconstruction_error:0.060288, proceeding to images: 500000
W0830 05:41:14.874270 140273106855040 train_vae.py:258] Epoch: 6, Train_Loss: -95172.078125, train_mIoU: 46.873, train_reconstruction_error:0.060288, proceeding to images: 500000
WARNING:tensorflow:Epoch: 6, Train_Loss: -95178.023438, train_mIoU: 46.935, train_reconstruction_error:0.062076, proceeding to images: 600000
W0830 05:49:16.878672 140273106855040 train_vae.py:258] Epoch: 6, Train_Loss: -95178.023438, train_mIoU: 46.935, train_reconstruction_error:0.062076, proceeding to images: 600000
WARNING:tensorflow:Epoch: 6, Train_Loss: -95405.148438, train_mIoU: 46.903, train_reconstruction_error:0.061487, proceeding to images: 700000
W0830 05:57:18.384425 140273106855040 train_vae.py:258] Epoch: 6, Train_Loss: -95405.148438, train_mIoU: 46.903, train_reconstruction_error:0.061487, proceeding to images: 700000
WARNING:tensorflow:Epoch: 6, Train_Loss: -94984.140625, train_mIoU: 46.798, train_reconstruction_error:0.062241, proceeding to images: 800000
W0830 06:05:20.296862 140273106855040 train_vae.py:258] Epoch: 6, Train_Loss: -94984.140625, train_mIoU: 46.798, train_reconstruction_error:0.062241, proceeding to images: 800000
WARNING:tensorflow:Epoch: 6, Train_Loss: -95493.015625, train_mIoU: 47.036, train_reconstruction_error:0.059874, proceeding to images: 900000
W0830 06:13:22.280809 140273106855040 train_vae.py:258] Epoch: 6, Train_Loss: -95493.015625, train_mIoU: 47.036, train_reconstruction_error:0.059874, proceeding to images: 900000
WARNING:tensorflow:Epoch: 6, Train_Loss: -95611.195312, train_mIoU: 46.973, train_reconstruction_error:0.059407, proceeding to images: 1000000
W0830 06:21:24.179283 140273106855040 train_vae.py:258] Epoch: 6, Train_Loss: -95611.195312, train_mIoU: 46.973, train_reconstruction_error:0.059407, proceeding to images: 1000000
WARNING:tensorflow:Epoch: 6, Train_Loss: -95512.679688, train_mIoU: 46.495, train_reconstruction_error:0.061883, proceeding to images: 1100000
W0830 06:29:26.173279 140273106855040 train_vae.py:258] Epoch: 6, Train_Loss: -95512.679688, train_mIoU: 46.495, train_reconstruction_error:0.061883, proceeding to images: 1100000
WARNING:tensorflow:Epoch: 6, Train_Loss: -95616.539062, train_mIoU: 46.908, train_reconstruction_error:0.066666, proceeding to images: 1200000
W0830 06:37:28.136478 140273106855040 train_vae.py:258] Epoch: 6, Train_Loss: -95616.539062, train_mIoU: 46.908, train_reconstruction_error:0.066666, proceeding to images: 1200000
WARNING:tensorflow:Epoch: 6, Train_mIoU: 46.928, 
 Eval_Loss: -97322.937500, Eval_mIoU:  22.093, Eval_reconstruction_error: 0.086148
W0830 06:50:39.858758 140273106855040 train_vae.py:288] Epoch: 6, Train_mIoU: 46.928, 
 Eval_Loss: -97322.937500, Eval_mIoU:  22.093, Eval_reconstruction_error: 0.086148
WARNING:tensorflow:Time: 7:19:01.172997 for 7 epochs
W0830 06:50:39.858963 140273106855040 train_vae.py:296] Time: 7:19:01.172997 for 7 epochs
WARNING:tensorflow:Saved checkpoint: ./checkpoint/VOE_perception/num_slot_8/slot_size_16_learning_rate_0.0004_/ckpt-7
W0830 06:50:39.890244 140273106855040 train_vae.py:311] Saved checkpoint: ./checkpoint/VOE_perception/num_slot_8/slot_size_16_learning_rate_0.0004_/ckpt-7
WARNING:tensorflow:Epoch: 7, Train_Loss: -95604.773438, train_mIoU: 46.623, train_reconstruction_error:0.067088, proceeding to images: 100000
W0830 06:58:41.775072 140273106855040 train_vae.py:258] Epoch: 7, Train_Loss: -95604.773438, train_mIoU: 46.623, train_reconstruction_error:0.067088, proceeding to images: 100000
WARNING:tensorflow:Epoch: 7, Train_Loss: -95764.664062, train_mIoU: 46.555, train_reconstruction_error:0.067811, proceeding to images: 200000
W0830 07:06:43.192033 140273106855040 train_vae.py:258] Epoch: 7, Train_Loss: -95764.664062, train_mIoU: 46.555, train_reconstruction_error:0.067811, proceeding to images: 200000
WARNING:tensorflow:Epoch: 7, Train_Loss: -95925.210938, train_mIoU: 46.844, train_reconstruction_error:0.067966, proceeding to images: 300000
W0830 07:14:44.834650 140273106855040 train_vae.py:258] Epoch: 7, Train_Loss: -95925.210938, train_mIoU: 46.844, train_reconstruction_error:0.067966, proceeding to images: 300000
WARNING:tensorflow:Epoch: 7, Train_Loss: -95952.406250, train_mIoU: 46.937, train_reconstruction_error:0.068793, proceeding to images: 400000
W0830 07:22:46.658325 140273106855040 train_vae.py:258] Epoch: 7, Train_Loss: -95952.406250, train_mIoU: 46.937, train_reconstruction_error:0.068793, proceeding to images: 400000
WARNING:tensorflow:Epoch: 7, Train_Loss: -95928.328125, train_mIoU: 46.915, train_reconstruction_error:0.068337, proceeding to images: 500000
W0830 07:30:48.318451 140273106855040 train_vae.py:258] Epoch: 7, Train_Loss: -95928.328125, train_mIoU: 46.915, train_reconstruction_error:0.068337, proceeding to images: 500000
WARNING:tensorflow:Epoch: 7, Train_Loss: -95959.703125, train_mIoU: 46.971, train_reconstruction_error:0.068119, proceeding to images: 600000
W0830 07:38:49.875236 140273106855040 train_vae.py:258] Epoch: 7, Train_Loss: -95959.703125, train_mIoU: 46.971, train_reconstruction_error:0.068119, proceeding to images: 600000
WARNING:tensorflow:Epoch: 7, Train_Loss: -96107.046875, train_mIoU: 46.946, train_reconstruction_error:0.069589, proceeding to images: 700000
W0830 07:46:51.783358 140273106855040 train_vae.py:258] Epoch: 7, Train_Loss: -96107.046875, train_mIoU: 46.946, train_reconstruction_error:0.069589, proceeding to images: 700000
WARNING:tensorflow:Epoch: 7, Train_Loss: -95988.039062, train_mIoU: 46.843, train_reconstruction_error:0.069247, proceeding to images: 800000
W0830 07:54:53.334158 140273106855040 train_vae.py:258] Epoch: 7, Train_Loss: -95988.039062, train_mIoU: 46.843, train_reconstruction_error:0.069247, proceeding to images: 800000
WARNING:tensorflow:Epoch: 7, Train_Loss: -96281.054688, train_mIoU: 47.097, train_reconstruction_error:0.068338, proceeding to images: 900000
W0830 08:02:54.766155 140273106855040 train_vae.py:258] Epoch: 7, Train_Loss: -96281.054688, train_mIoU: 47.097, train_reconstruction_error:0.068338, proceeding to images: 900000
WARNING:tensorflow:Epoch: 7, Train_Loss: -96379.296875, train_mIoU: 47.020, train_reconstruction_error:0.067277, proceeding to images: 1000000
W0830 08:10:57.003954 140273106855040 train_vae.py:258] Epoch: 7, Train_Loss: -96379.296875, train_mIoU: 47.020, train_reconstruction_error:0.067277, proceeding to images: 1000000
WARNING:tensorflow:Epoch: 7, Train_Loss: -96361.164062, train_mIoU: 46.536, train_reconstruction_error:0.066657, proceeding to images: 1100000
W0830 08:18:59.122663 140273106855040 train_vae.py:258] Epoch: 7, Train_Loss: -96361.164062, train_mIoU: 46.536, train_reconstruction_error:0.066657, proceeding to images: 1100000
WARNING:tensorflow:Epoch: 7, Train_Loss: -96288.992188, train_mIoU: 46.933, train_reconstruction_error:0.069750, proceeding to images: 1200000
W0830 08:27:00.739194 140273106855040 train_vae.py:258] Epoch: 7, Train_Loss: -96288.992188, train_mIoU: 46.933, train_reconstruction_error:0.069750, proceeding to images: 1200000
WARNING:tensorflow:Epoch: 7, Train_mIoU: 46.937, 
 Eval_Loss: -97753.351562, Eval_mIoU:  21.976, Eval_reconstruction_error: 0.086134
W0830 08:40:12.531969 140273106855040 train_vae.py:288] Epoch: 7, Train_mIoU: 46.937, 
 Eval_Loss: -97753.351562, Eval_mIoU:  21.976, Eval_reconstruction_error: 0.086134
WARNING:tensorflow:Time: 9:08:33.846304 for 8 epochs
W0830 08:40:12.532284 140273106855040 train_vae.py:296] Time: 9:08:33.846304 for 8 epochs
WARNING:tensorflow:Saved checkpoint: ./checkpoint/VOE_perception/num_slot_8/slot_size_16_learning_rate_0.0004_/ckpt-8
W0830 08:40:12.571276 140273106855040 train_vae.py:311] Saved checkpoint: ./checkpoint/VOE_perception/num_slot_8/slot_size_16_learning_rate_0.0004_/ckpt-8
WARNING:tensorflow:Epoch: 8, Train_Loss: -95969.976562, train_mIoU: 46.633, train_reconstruction_error:0.071213, proceeding to images: 100000
W0830 08:48:14.567711 140273106855040 train_vae.py:258] Epoch: 8, Train_Loss: -95969.976562, train_mIoU: 46.633, train_reconstruction_error:0.071213, proceeding to images: 100000
WARNING:tensorflow:Epoch: 8, Train_Loss: -96361.429688, train_mIoU: 46.597, train_reconstruction_error:0.070777, proceeding to images: 200000
W0830 08:56:16.430124 140273106855040 train_vae.py:258] Epoch: 8, Train_Loss: -96361.429688, train_mIoU: 46.597, train_reconstruction_error:0.070777, proceeding to images: 200000
WARNING:tensorflow:Epoch: 8, Train_Loss: -96426.773438, train_mIoU: 46.857, train_reconstruction_error:0.071308, proceeding to images: 300000
W0830 09:04:18.293708 140273106855040 train_vae.py:258] Epoch: 8, Train_Loss: -96426.773438, train_mIoU: 46.857, train_reconstruction_error:0.071308, proceeding to images: 300000
WARNING:tensorflow:Epoch: 8, Train_Loss: -96112.710938, train_mIoU: 46.949, train_reconstruction_error:0.073216, proceeding to images: 400000
W0830 09:12:20.033416 140273106855040 train_vae.py:258] Epoch: 8, Train_Loss: -96112.710938, train_mIoU: 46.949, train_reconstruction_error:0.073216, proceeding to images: 400000
WARNING:tensorflow:Epoch: 8, Train_Loss: -96466.226562, train_mIoU: 46.929, train_reconstruction_error:0.071344, proceeding to images: 500000
W0830 09:20:21.938668 140273106855040 train_vae.py:258] Epoch: 8, Train_Loss: -96466.226562, train_mIoU: 46.929, train_reconstruction_error:0.071344, proceeding to images: 500000
WARNING:tensorflow:Epoch: 8, Train_Loss: -96289.125000, train_mIoU: 47.002, train_reconstruction_error:0.072531, proceeding to images: 600000
W0830 09:28:22.660442 140273106855040 train_vae.py:258] Epoch: 8, Train_Loss: -96289.125000, train_mIoU: 47.002, train_reconstruction_error:0.072531, proceeding to images: 600000
WARNING:tensorflow:Epoch: 8, Train_Loss: -96559.781250, train_mIoU: 46.958, train_reconstruction_error:0.070860, proceeding to images: 700000
W0830 09:36:24.415752 140273106855040 train_vae.py:258] Epoch: 8, Train_Loss: -96559.781250, train_mIoU: 46.958, train_reconstruction_error:0.070860, proceeding to images: 700000
WARNING:tensorflow:Epoch: 8, Train_Loss: -96405.640625, train_mIoU: 46.869, train_reconstruction_error:0.070893, proceeding to images: 800000
W0830 09:44:26.323089 140273106855040 train_vae.py:258] Epoch: 8, Train_Loss: -96405.640625, train_mIoU: 46.869, train_reconstruction_error:0.070893, proceeding to images: 800000
WARNING:tensorflow:Epoch: 8, Train_Loss: -96795.476562, train_mIoU: 47.087, train_reconstruction_error:0.068798, proceeding to images: 900000
W0830 09:52:27.950320 140273106855040 train_vae.py:258] Epoch: 8, Train_Loss: -96795.476562, train_mIoU: 47.087, train_reconstruction_error:0.068798, proceeding to images: 900000
WARNING:tensorflow:Epoch: 8, Train_Loss: -96715.875000, train_mIoU: 47.025, train_reconstruction_error:0.067416, proceeding to images: 1000000
W0830 10:00:29.231869 140273106855040 train_vae.py:258] Epoch: 8, Train_Loss: -96715.875000, train_mIoU: 47.025, train_reconstruction_error:0.067416, proceeding to images: 1000000
